<?xml version="1.0" encoding="UTF-8"?>
<testsuite name="org.apache.commons.math3.util.FastMathTest" time="7.451" tests="48" errors="0" skipped="1" failures="0">
  <properties>
    <property name="java.runtime.name" value="Java(TM) SE Runtime Environment"/>
    <property name="sun.boot.library.path" value="/Library/Java/JavaVirtualMachines/jdk1.7.0_09.jdk/Contents/Home/jre/lib"/>
    <property name="java.vm.version" value="23.5-b02"/>
    <property name="user.country.format" value="IN"/>
    <property name="gopherProxySet" value="false"/>
    <property name="java.vm.vendor" value="Oracle Corporation"/>
    <property name="java.vendor.url" value="http://java.oracle.com/"/>
    <property name="path.separator" value=":"/>
    <property name="guice.disable.misplaced.annotation.check" value="true"/>
    <property name="java.vm.name" value="Java HotSpot(TM) 64-Bit Server VM"/>
    <property name="file.encoding.pkg" value="sun.io"/>
    <property name="user.country" value="US"/>
    <property name="sun.java.launcher" value="SUN_STANDARD"/>
    <property name="sun.os.patch.level" value="unknown"/>
    <property name="java.vm.specification.name" value="Java Virtual Machine Specification"/>
    <property name="user.dir" value="/Users/nandu/Downloads/math (trunk)"/>
    <property name="java.runtime.version" value="1.7.0_09-b05"/>
    <property name="java.awt.graphicsenv" value="sun.awt.CGraphicsEnvironment"/>
    <property name="java.endorsed.dirs" value="/Library/Java/JavaVirtualMachines/jdk1.7.0_09.jdk/Contents/Home/jre/lib/endorsed"/>
    <property name="os.arch" value="x86_64"/>
    <property name="java.io.tmpdir" value="/var/folders/v3/9l6_62855xl2r1qshsbdv1l80000gn/T/"/>
    <property name="line.separator" value="&#10;"/>
    <property name="java.vm.specification.vendor" value="Oracle Corporation"/>
    <property name="os.name" value="Mac OS X"/>
    <property name="classworlds.conf" value="/usr/share/maven/bin/m2.conf"/>
    <property name="sun.jnu.encoding" value="UTF-8"/>
    <property name="java.library.path" value="/Users/nandu/Library/Java/Extensions:/Library/Java/Extensions:/Network/Library/Java/Extensions:/System/Library/Java/Extensions:/usr/lib/java:."/>
    <property name="java.specification.name" value="Java Platform API Specification"/>
    <property name="java.class.version" value="51.0"/>
    <property name="sun.management.compiler" value="HotSpot 64-Bit Tiered Compilers"/>
    <property name="os.version" value="10.7.5"/>
    <property name="http.nonProxyHosts" value="local|*.local|169.254/16|*.169.254/16"/>
    <property name="user.home" value="/Users/nandu"/>
    <property name="user.timezone" value="Asia/Kolkata"/>
    <property name="java.awt.printerjob" value="sun.lwawt.macosx.CPrinterJob"/>
    <property name="java.specification.version" value="1.7"/>
    <property name="file.encoding" value="UTF-8"/>
    <property name="user.name" value="nandu"/>
    <property name="java.class.path" value="/usr/share/maven/boot/plexus-classworlds-2.4.jar"/>
    <property name="java.vm.specification.version" value="1.7"/>
    <property name="sun.arch.data.model" value="64"/>
    <property name="java.home" value="/Library/Java/JavaVirtualMachines/jdk1.7.0_09.jdk/Contents/Home/jre"/>
    <property name="sun.java.command" value="org.codehaus.plexus.classworlds.launcher.Launcher clean install"/>
    <property name="java.specification.vendor" value="Oracle Corporation"/>
    <property name="user.language" value="en"/>
    <property name="awt.toolkit" value="sun.lwawt.macosx.LWCToolkit"/>
    <property name="java.vm.info" value="mixed mode"/>
    <property name="java.version" value="1.7.0_09"/>
    <property name="java.ext.dirs" value="/Users/nandu/Library/Java/Extensions:/Library/Java/JavaVirtualMachines/jdk1.7.0_09.jdk/Contents/Home/jre/lib/ext:/Library/Java/Extensions:/Network/Library/Java/Extensions:/System/Library/Java/Extensions:/usr/lib/java"/>
    <property name="sun.boot.class.path" value="/Library/Java/JavaVirtualMachines/jdk1.7.0_09.jdk/Contents/Home/jre/lib/resources.jar:/Library/Java/JavaVirtualMachines/jdk1.7.0_09.jdk/Contents/Home/jre/lib/rt.jar:/Library/Java/JavaVirtualMachines/jdk1.7.0_09.jdk/Contents/Home/jre/lib/sunrsasign.jar:/Library/Java/JavaVirtualMachines/jdk1.7.0_09.jdk/Contents/Home/jre/lib/jsse.jar:/Library/Java/JavaVirtualMachines/jdk1.7.0_09.jdk/Contents/Home/jre/lib/jce.jar:/Library/Java/JavaVirtualMachines/jdk1.7.0_09.jdk/Contents/Home/jre/lib/charsets.jar:/Library/Java/JavaVirtualMachines/jdk1.7.0_09.jdk/Contents/Home/jre/lib/jfr.jar:/Library/Java/JavaVirtualMachines/jdk1.7.0_09.jdk/Contents/Home/jre/lib/JObjC.jar:/Library/Java/JavaVirtualMachines/jdk1.7.0_09.jdk/Contents/Home/jre/classes"/>
    <property name="java.vendor" value="Oracle Corporation"/>
    <property name="maven.home" value="/usr/share/maven"/>
    <property name="file.separator" value="/"/>
    <property name="java.vendor.url.bug" value="http://bugreport.sun.com/bugreport/"/>
    <property name="sun.cpu.endian" value="little"/>
    <property name="sun.io.unicode.encoding" value="UnicodeBig"/>
    <property name="socksNonProxyHosts" value="local|*.local|169.254/16|*.169.254/16"/>
    <property name="ftp.nonProxyHosts" value="local|*.local|169.254/16|*.169.254/16"/>
    <property name="sun.cpu.isalist" value=""/>
  </properties>
  <testcase name="testLogSpecialCases" classname="org.apache.commons.math3.util.FastMathTest" time="0"/>
  <testcase name="testDoubleNextAfterSpecialCases" classname="org.apache.commons.math3.util.FastMathTest" time="0"/>
  <testcase name="testIndicatorDouble" classname="org.apache.commons.math3.util.FastMathTest" time="0"/>
  <testcase name="testAtan2SpecialCases" classname="org.apache.commons.math3.util.FastMathTest" time="0"/>
  <testcase name="testCbrtAccuracy" classname="org.apache.commons.math3.util.FastMathTest" time="1.068"/>
  <testcase name="testAtan2" classname="org.apache.commons.math3.util.FastMathTest" time="0"/>
  <testcase name="checkMissingFastMathClasses" classname="org.apache.commons.math3.util.FastMathTest" time="0"/>
  <testcase name="testLogAccuracy" classname="org.apache.commons.math3.util.FastMathTest" time="0.086"/>
  <testcase name="testLog1pSpecialCases" classname="org.apache.commons.math3.util.FastMathTest" time="0"/>
  <testcase name="testAcosAccuracy" classname="org.apache.commons.math3.util.FastMathTest" time="0.997"/>
  <testcase name="testMinMaxDouble" classname="org.apache.commons.math3.util.FastMathTest" time="0.001"/>
  <testcase name="testAcosSpecialCases" classname="org.apache.commons.math3.util.FastMathTest" time="0"/>
  <testcase name="testPowSpecialCases" classname="org.apache.commons.math3.util.FastMathTest" time="0"/>
  <testcase name="testDoubleScalbSpecialCases" classname="org.apache.commons.math3.util.FastMathTest" time="0"/>
  <testcase name="testTanhAccuracy" classname="org.apache.commons.math3.util.FastMathTest" time="1.696"/>
  <testcase name="testMath905LargePositive" classname="org.apache.commons.math3.util.FastMathTest" time="0"/>
  <testcase name="testMath905LargeNegative" classname="org.apache.commons.math3.util.FastMathTest" time="0.001"/>
  <testcase name="testToRadians" classname="org.apache.commons.math3.util.FastMathTest" time="0.023"/>
  <testcase name="testLogWithBase" classname="org.apache.commons.math3.util.FastMathTest" time="0"/>
  <testcase name="testConstants" classname="org.apache.commons.math3.util.FastMathTest" time="0"/>
  <testcase name="testTanAccuracy" classname="org.apache.commons.math3.util.FastMathTest" time="0.077"/>
  <testcase name="testMath904" classname="org.apache.commons.math3.util.FastMathTest" time="0"/>
  <testcase name="testFloatScalbSpecialCases" classname="org.apache.commons.math3.util.FastMathTest" time="0"/>
  <testcase name="testToDegrees" classname="org.apache.commons.math3.util.FastMathTest" time="0.022"/>
  <testcase name="testSignumFloat" classname="org.apache.commons.math3.util.FastMathTest" time="0"/>
  <testcase name="testSinAccuracy" classname="org.apache.commons.math3.util.FastMathTest" time="0.049"/>
  <testcase name="testAtan2Accuracy" classname="org.apache.commons.math3.util.FastMathTest" time="0.079"/>
  <testcase name="testFloatNextAfterSpecialCases" classname="org.apache.commons.math3.util.FastMathTest" time="0"/>
  <testcase name="testExpm1Accuracy" classname="org.apache.commons.math3.util.FastMathTest" time="0.052"/>
  <testcase name="testSignumDouble" classname="org.apache.commons.math3.util.FastMathTest" time="0"/>
  <testcase name="testMinMaxFloat" classname="org.apache.commons.math3.util.FastMathTest" time="0.001"/>
  <testcase name="testHyperbolic" classname="org.apache.commons.math3.util.FastMathTest" time="0.026"/>
  <testcase name="testCoshAccuracy" classname="org.apache.commons.math3.util.FastMathTest" time="0.862"/>
  <testcase name="testIntPow" classname="org.apache.commons.math3.util.FastMathTest" time="0.011"/>
  <testcase name="testIndicatorFloat" classname="org.apache.commons.math3.util.FastMathTest" time="0"/>
  <testcase name="testPowAccuracy" classname="org.apache.commons.math3.util.FastMathTest" time="0.152"/>
  <testcase name="testExpSpecialCases" classname="org.apache.commons.math3.util.FastMathTest" time="0"/>
  <testcase name="testLog10Accuracy" classname="org.apache.commons.math3.util.FastMathTest" time="0.135"/>
  <testcase name="testAtanAccuracy" classname="org.apache.commons.math3.util.FastMathTest" time="0.066"/>
  <testcase name="testNextAfter" classname="org.apache.commons.math3.util.FastMathTest" time="0"/>
  <testcase name="testLog1pAccuracy" classname="org.apache.commons.math3.util.FastMathTest" time="0.06"/>
  <testcase name="testHyperbolicInverses" classname="org.apache.commons.math3.util.FastMathTest" time="0.009"/>
  <testcase name="checkExtraFastMathClasses" classname="org.apache.commons.math3.util.FastMathTest" time="0">
    <skipped/>
  </testcase>
  <testcase name="testAsinSpecialCases" classname="org.apache.commons.math3.util.FastMathTest" time="0"/>
  <testcase name="testAsinAccuracy" classname="org.apache.commons.math3.util.FastMathTest" time="0.94"/>
  <testcase name="testCosAccuracy" classname="org.apache.commons.math3.util.FastMathTest" time="0.049"/>
  <testcase name="testExpAccuracy" classname="org.apache.commons.math3.util.FastMathTest" time="0.107"/>
  <testcase name="testSinhAccuracy" classname="org.apache.commons.math3.util.FastMathTest" time="0.882"/>
</testsuite>