<?xml version="1.0" encoding="UTF-8"?>
<testsuite name="org.apache.commons.math3.util.ArithmeticUtilsTest" time="0.004" tests="26" errors="0" skipped="0" failures="0">
  <properties>
    <property name="java.runtime.name" value="Java(TM) SE Runtime Environment"/>
    <property name="sun.boot.library.path" value="/Library/Java/JavaVirtualMachines/jdk1.7.0_09.jdk/Contents/Home/jre/lib"/>
    <property name="java.vm.version" value="23.5-b02"/>
    <property name="user.country.format" value="IN"/>
    <property name="gopherProxySet" value="false"/>
    <property name="java.vm.vendor" value="Oracle Corporation"/>
    <property name="java.vendor.url" value="http://java.oracle.com/"/>
    <property name="path.separator" value=":"/>
    <property name="guice.disable.misplaced.annotation.check" value="true"/>
    <property name="java.vm.name" value="Java HotSpot(TM) 64-Bit Server VM"/>
    <property name="file.encoding.pkg" value="sun.io"/>
    <property name="user.country" value="US"/>
    <property name="sun.java.launcher" value="SUN_STANDARD"/>
    <property name="sun.os.patch.level" value="unknown"/>
    <property name="java.vm.specification.name" value="Java Virtual Machine Specification"/>
    <property name="user.dir" value="/Users/nandu/Downloads/math (trunk)"/>
    <property name="java.runtime.version" value="1.7.0_09-b05"/>
    <property name="java.awt.graphicsenv" value="sun.awt.CGraphicsEnvironment"/>
    <property name="java.endorsed.dirs" value="/Library/Java/JavaVirtualMachines/jdk1.7.0_09.jdk/Contents/Home/jre/lib/endorsed"/>
    <property name="os.arch" value="x86_64"/>
    <property name="java.io.tmpdir" value="/var/folders/v3/9l6_62855xl2r1qshsbdv1l80000gn/T/"/>
    <property name="line.separator" value="&#10;"/>
    <property name="java.vm.specification.vendor" value="Oracle Corporation"/>
    <property name="os.name" value="Mac OS X"/>
    <property name="classworlds.conf" value="/usr/share/maven/bin/m2.conf"/>
    <property name="sun.jnu.encoding" value="UTF-8"/>
    <property name="java.library.path" value="/Users/nandu/Library/Java/Extensions:/Library/Java/Extensions:/Network/Library/Java/Extensions:/System/Library/Java/Extensions:/usr/lib/java:."/>
    <property name="java.specification.name" value="Java Platform API Specification"/>
    <property name="java.class.version" value="51.0"/>
    <property name="sun.management.compiler" value="HotSpot 64-Bit Tiered Compilers"/>
    <property name="os.version" value="10.7.5"/>
    <property name="http.nonProxyHosts" value="local|*.local|169.254/16|*.169.254/16"/>
    <property name="user.home" value="/Users/nandu"/>
    <property name="user.timezone" value="Asia/Kolkata"/>
    <property name="java.awt.printerjob" value="sun.lwawt.macosx.CPrinterJob"/>
    <property name="java.specification.version" value="1.7"/>
    <property name="file.encoding" value="UTF-8"/>
    <property name="user.name" value="nandu"/>
    <property name="java.class.path" value="/usr/share/maven/boot/plexus-classworlds-2.4.jar"/>
    <property name="java.vm.specification.version" value="1.7"/>
    <property name="sun.arch.data.model" value="64"/>
    <property name="java.home" value="/Library/Java/JavaVirtualMachines/jdk1.7.0_09.jdk/Contents/Home/jre"/>
    <property name="sun.java.command" value="org.codehaus.plexus.classworlds.launcher.Launcher clean install"/>
    <property name="java.specification.vendor" value="Oracle Corporation"/>
    <property name="user.language" value="en"/>
    <property name="awt.toolkit" value="sun.lwawt.macosx.LWCToolkit"/>
    <property name="java.vm.info" value="mixed mode"/>
    <property name="java.version" value="1.7.0_09"/>
    <property name="java.ext.dirs" value="/Users/nandu/Library/Java/Extensions:/Library/Java/JavaVirtualMachines/jdk1.7.0_09.jdk/Contents/Home/jre/lib/ext:/Library/Java/Extensions:/Network/Library/Java/Extensions:/System/Library/Java/Extensions:/usr/lib/java"/>
    <property name="sun.boot.class.path" value="/Library/Java/JavaVirtualMachines/jdk1.7.0_09.jdk/Contents/Home/jre/lib/resources.jar:/Library/Java/JavaVirtualMachines/jdk1.7.0_09.jdk/Contents/Home/jre/lib/rt.jar:/Library/Java/JavaVirtualMachines/jdk1.7.0_09.jdk/Contents/Home/jre/lib/sunrsasign.jar:/Library/Java/JavaVirtualMachines/jdk1.7.0_09.jdk/Contents/Home/jre/lib/jsse.jar:/Library/Java/JavaVirtualMachines/jdk1.7.0_09.jdk/Contents/Home/jre/lib/jce.jar:/Library/Java/JavaVirtualMachines/jdk1.7.0_09.jdk/Contents/Home/jre/lib/charsets.jar:/Library/Java/JavaVirtualMachines/jdk1.7.0_09.jdk/Contents/Home/jre/lib/jfr.jar:/Library/Java/JavaVirtualMachines/jdk1.7.0_09.jdk/Contents/Home/jre/lib/JObjC.jar:/Library/Java/JavaVirtualMachines/jdk1.7.0_09.jdk/Contents/Home/jre/classes"/>
    <property name="java.vendor" value="Oracle Corporation"/>
    <property name="maven.home" value="/usr/share/maven"/>
    <property name="file.separator" value="/"/>
    <property name="java.vendor.url.bug" value="http://bugreport.sun.com/bugreport/"/>
    <property name="sun.cpu.endian" value="little"/>
    <property name="sun.io.unicode.encoding" value="UnicodeBig"/>
    <property name="socksNonProxyHosts" value="local|*.local|169.254/16|*.169.254/16"/>
    <property name="ftp.nonProxyHosts" value="local|*.local|169.254/16|*.169.254/16"/>
    <property name="sun.cpu.isalist" value=""/>
  </properties>
  <testcase name="testGcdConsistency" classname="org.apache.commons.math3.util.ArithmeticUtilsTest" time="0"/>
  <testcase name="testGcd" classname="org.apache.commons.math3.util.ArithmeticUtilsTest" time="0"/>
  <testcase name="testLcm" classname="org.apache.commons.math3.util.ArithmeticUtilsTest" time="0"/>
  <testcase name="testPow" classname="org.apache.commons.math3.util.ArithmeticUtilsTest" time="0.001"/>
  <testcase name="testPowLongOverflow" classname="org.apache.commons.math3.util.ArithmeticUtilsTest" time="0"/>
  <testcase name="testSubAndCheckLong" classname="org.apache.commons.math3.util.ArithmeticUtilsTest" time="0"/>
  <testcase name="testPowLong" classname="org.apache.commons.math3.util.ArithmeticUtilsTest" time="0"/>
  <testcase name="testIsPowerOfTwo" classname="org.apache.commons.math3.util.ArithmeticUtilsTest" time="0.001"/>
  <testcase name="testGcdLong" classname="org.apache.commons.math3.util.ArithmeticUtilsTest" time="0"/>
  <testcase name="testPowNegativeLongOverflow" classname="org.apache.commons.math3.util.ArithmeticUtilsTest" time="0"/>
  <testcase name="testLcmLong" classname="org.apache.commons.math3.util.ArithmeticUtilsTest" time="0"/>
  <testcase name="testSubAndCheck" classname="org.apache.commons.math3.util.ArithmeticUtilsTest" time="0"/>
  <testcase name="testPowMinusOneLong" classname="org.apache.commons.math3.util.ArithmeticUtilsTest" time="0.001"/>
  <testcase name="testPowNegativeInt" classname="org.apache.commons.math3.util.ArithmeticUtilsTest" time="0"/>
  <testcase name="testMulAndCheckLong" classname="org.apache.commons.math3.util.ArithmeticUtilsTest" time="0"/>
  <testcase name="testPowMinusOneInt" classname="org.apache.commons.math3.util.ArithmeticUtilsTest" time="0"/>
  <testcase name="testSubAndCheckErrorMessage" classname="org.apache.commons.math3.util.ArithmeticUtilsTest" time="0.001"/>
  <testcase name="testPowOneInt" classname="org.apache.commons.math3.util.ArithmeticUtilsTest" time="0"/>
  <testcase name="testPowNegativeLong" classname="org.apache.commons.math3.util.ArithmeticUtilsTest" time="0"/>
  <testcase name="testPowNegativeIntOverflow" classname="org.apache.commons.math3.util.ArithmeticUtilsTest" time="0"/>
  <testcase name="testMulAndCheck" classname="org.apache.commons.math3.util.ArithmeticUtilsTest" time="0"/>
  <testcase name="testPowIntOverflow" classname="org.apache.commons.math3.util.ArithmeticUtilsTest" time="0"/>
  <testcase name="testAddAndCheckLong" classname="org.apache.commons.math3.util.ArithmeticUtilsTest" time="0"/>
  <testcase name="testPowOneLong" classname="org.apache.commons.math3.util.ArithmeticUtilsTest" time="0"/>
  <testcase name="testPowInt" classname="org.apache.commons.math3.util.ArithmeticUtilsTest" time="0"/>
  <testcase name="testAddAndCheck" classname="org.apache.commons.math3.util.ArithmeticUtilsTest" time="0"/>
</testsuite>