<?xml version="1.0" encoding="UTF-8"?>
<testsuite name="org.apache.commons.math3.analysis.differentiation.DerivativeStructureTest" time="1.675" tests="124" errors="0" skipped="0" failures="0">
  <properties>
    <property name="java.runtime.name" value="Java(TM) SE Runtime Environment"/>
    <property name="sun.boot.library.path" value="/Library/Java/JavaVirtualMachines/jdk1.7.0_09.jdk/Contents/Home/jre/lib"/>
    <property name="java.vm.version" value="23.5-b02"/>
    <property name="user.country.format" value="IN"/>
    <property name="gopherProxySet" value="false"/>
    <property name="java.vm.vendor" value="Oracle Corporation"/>
    <property name="java.vendor.url" value="http://java.oracle.com/"/>
    <property name="path.separator" value=":"/>
    <property name="guice.disable.misplaced.annotation.check" value="true"/>
    <property name="java.vm.name" value="Java HotSpot(TM) 64-Bit Server VM"/>
    <property name="file.encoding.pkg" value="sun.io"/>
    <property name="user.country" value="US"/>
    <property name="sun.java.launcher" value="SUN_STANDARD"/>
    <property name="sun.os.patch.level" value="unknown"/>
    <property name="java.vm.specification.name" value="Java Virtual Machine Specification"/>
    <property name="user.dir" value="/Users/nandu/Downloads/math (trunk)"/>
    <property name="java.runtime.version" value="1.7.0_09-b05"/>
    <property name="java.awt.graphicsenv" value="sun.awt.CGraphicsEnvironment"/>
    <property name="java.endorsed.dirs" value="/Library/Java/JavaVirtualMachines/jdk1.7.0_09.jdk/Contents/Home/jre/lib/endorsed"/>
    <property name="os.arch" value="x86_64"/>
    <property name="java.io.tmpdir" value="/var/folders/v3/9l6_62855xl2r1qshsbdv1l80000gn/T/"/>
    <property name="line.separator" value="&#10;"/>
    <property name="java.vm.specification.vendor" value="Oracle Corporation"/>
    <property name="os.name" value="Mac OS X"/>
    <property name="classworlds.conf" value="/usr/share/maven/bin/m2.conf"/>
    <property name="sun.jnu.encoding" value="UTF-8"/>
    <property name="java.library.path" value="/Users/nandu/Library/Java/Extensions:/Library/Java/Extensions:/Network/Library/Java/Extensions:/System/Library/Java/Extensions:/usr/lib/java:."/>
    <property name="java.specification.name" value="Java Platform API Specification"/>
    <property name="java.class.version" value="51.0"/>
    <property name="sun.management.compiler" value="HotSpot 64-Bit Tiered Compilers"/>
    <property name="os.version" value="10.7.5"/>
    <property name="http.nonProxyHosts" value="local|*.local|169.254/16|*.169.254/16"/>
    <property name="user.home" value="/Users/nandu"/>
    <property name="user.timezone" value="Asia/Kolkata"/>
    <property name="java.awt.printerjob" value="sun.lwawt.macosx.CPrinterJob"/>
    <property name="java.specification.version" value="1.7"/>
    <property name="file.encoding" value="UTF-8"/>
    <property name="user.name" value="nandu"/>
    <property name="java.class.path" value="/usr/share/maven/boot/plexus-classworlds-2.4.jar"/>
    <property name="java.vm.specification.version" value="1.7"/>
    <property name="sun.arch.data.model" value="64"/>
    <property name="java.home" value="/Library/Java/JavaVirtualMachines/jdk1.7.0_09.jdk/Contents/Home/jre"/>
    <property name="sun.java.command" value="org.codehaus.plexus.classworlds.launcher.Launcher clean install"/>
    <property name="java.specification.vendor" value="Oracle Corporation"/>
    <property name="user.language" value="en"/>
    <property name="awt.toolkit" value="sun.lwawt.macosx.LWCToolkit"/>
    <property name="java.vm.info" value="mixed mode"/>
    <property name="java.version" value="1.7.0_09"/>
    <property name="java.ext.dirs" value="/Users/nandu/Library/Java/Extensions:/Library/Java/JavaVirtualMachines/jdk1.7.0_09.jdk/Contents/Home/jre/lib/ext:/Library/Java/Extensions:/Network/Library/Java/Extensions:/System/Library/Java/Extensions:/usr/lib/java"/>
    <property name="sun.boot.class.path" value="/Library/Java/JavaVirtualMachines/jdk1.7.0_09.jdk/Contents/Home/jre/lib/resources.jar:/Library/Java/JavaVirtualMachines/jdk1.7.0_09.jdk/Contents/Home/jre/lib/rt.jar:/Library/Java/JavaVirtualMachines/jdk1.7.0_09.jdk/Contents/Home/jre/lib/sunrsasign.jar:/Library/Java/JavaVirtualMachines/jdk1.7.0_09.jdk/Contents/Home/jre/lib/jsse.jar:/Library/Java/JavaVirtualMachines/jdk1.7.0_09.jdk/Contents/Home/jre/lib/jce.jar:/Library/Java/JavaVirtualMachines/jdk1.7.0_09.jdk/Contents/Home/jre/lib/charsets.jar:/Library/Java/JavaVirtualMachines/jdk1.7.0_09.jdk/Contents/Home/jre/lib/jfr.jar:/Library/Java/JavaVirtualMachines/jdk1.7.0_09.jdk/Contents/Home/jre/lib/JObjC.jar:/Library/Java/JavaVirtualMachines/jdk1.7.0_09.jdk/Contents/Home/jre/classes"/>
    <property name="java.vendor" value="Oracle Corporation"/>
    <property name="maven.home" value="/usr/share/maven"/>
    <property name="file.separator" value="/"/>
    <property name="java.vendor.url.bug" value="http://bugreport.sun.com/bugreport/"/>
    <property name="sun.cpu.endian" value="little"/>
    <property name="sun.io.unicode.encoding" value="UnicodeBig"/>
    <property name="socksNonProxyHosts" value="local|*.local|169.254/16|*.169.254/16"/>
    <property name="ftp.nonProxyHosts" value="local|*.local|169.254/16|*.169.254/16"/>
    <property name="sun.cpu.isalist" value=""/>
  </properties>
  <testcase name="testCeilFloorRintLong" classname="org.apache.commons.math3.analysis.differentiation.DerivativeStructureTest" time="0.016"/>
  <testcase name="testPrimitiveAdd" classname="org.apache.commons.math3.analysis.differentiation.DerivativeStructureTest" time="0.002"/>
  <testcase name="testTanAtan" classname="org.apache.commons.math3.analysis.differentiation.DerivativeStructureTest" time="0.079"/>
  <testcase name="testSqrtDefinition" classname="org.apache.commons.math3.analysis.differentiation.DerivativeStructureTest" time="0.124"/>
  <testcase name="testHypotDefinition" classname="org.apache.commons.math3.analysis.differentiation.DerivativeStructureTest" time="0.036"/>
  <testcase name="testLog1pDefinition" classname="org.apache.commons.math3.analysis.differentiation.DerivativeStructureTest" time="0.042"/>
  <testcase name="testLinearCombination1DSDS" classname="org.apache.commons.math3.analysis.differentiation.DerivativeStructureTest" time="0.005"/>
  <testcase name="testLinearCombination2DSDS" classname="org.apache.commons.math3.analysis.differentiation.DerivativeStructureTest" time="0.17"/>
  <testcase name="testExpm1Definition" classname="org.apache.commons.math3.analysis.differentiation.DerivativeStructureTest" time="0.04"/>
  <testcase name="testCoshDefinition" classname="org.apache.commons.math3.analysis.differentiation.DerivativeStructureTest" time="0.055"/>
  <testcase name="testSerialization" classname="org.apache.commons.math3.analysis.differentiation.DerivativeStructureTest" time="0.011"/>
  <testcase name="testAtan2SpecialCases" classname="org.apache.commons.math3.analysis.differentiation.DerivativeStructureTest" time="0"/>
  <testcase name="testAbs" classname="org.apache.commons.math3.analysis.differentiation.DerivativeStructureTest" time="0"/>
  <testcase name="testAdd" classname="org.apache.commons.math3.analysis.differentiation.DerivativeStructureTest" time="0"/>
  <testcase name="testExp" classname="org.apache.commons.math3.analysis.differentiation.DerivativeStructureTest" time="0.005"/>
  <testcase name="testLog" classname="org.apache.commons.math3.analysis.differentiation.DerivativeStructureTest" time="0.058"/>
  <testcase name="testPow" classname="org.apache.commons.math3.analysis.differentiation.DerivativeStructureTest" time="0.006"/>
  <testcase name="testWrongVariableIndex" classname="org.apache.commons.math3.analysis.differentiation.DerivativeStructureTest" time="0.013"/>
  <testcase name="testSubtract" classname="org.apache.commons.math3.analysis.differentiation.DerivativeStructureTest" time="0"/>
  <testcase name="testAtan2" classname="org.apache.commons.math3.analysis.differentiation.DerivativeStructureTest" time="0.032"/>
  <testcase name="testField" classname="org.apache.commons.math3.analysis.differentiation.DerivativeStructureTest" time="0"/>
  <testcase name="testTrigo" classname="org.apache.commons.math3.analysis.differentiation.DerivativeStructureTest" time="0.101"/>
  <testcase name="testOneParameterConstructor" classname="org.apache.commons.math3.analysis.differentiation.DerivativeStructureTest" time="0.001"/>
  <testcase name="testReciprocal" classname="org.apache.commons.math3.analysis.differentiation.DerivativeStructureTest" time="0.003"/>
  <testcase name="testLinearCombination2DoubleDS" classname="org.apache.commons.math3.analysis.differentiation.DerivativeStructureTest" time="0.079"/>
  <testcase name="testCreateConstant" classname="org.apache.commons.math3.analysis.differentiation.DerivativeStructureTest" time="0"/>
  <testcase name="testSinhAsinh" classname="org.apache.commons.math3.analysis.differentiation.DerivativeStructureTest" time="0.048"/>
  <testcase name="testPrimitiveRemainder" classname="org.apache.commons.math3.analysis.differentiation.DerivativeStructureTest" time="0.005"/>
  <testcase name="testLog1pExpm1" classname="org.apache.commons.math3.analysis.differentiation.DerivativeStructureTest" time="0.018"/>
  <testcase name="testToRadiansDefinition" classname="org.apache.commons.math3.analysis.differentiation.DerivativeStructureTest" time="0.077"/>
  <testcase name="testVariable" classname="org.apache.commons.math3.analysis.differentiation.DerivativeStructureTest" time="0"/>
  <testcase name="testPrimitiveMultiply" classname="org.apache.commons.math3.analysis.differentiation.DerivativeStructureTest" time="0"/>
  <testcase name="testHypotSpecial" classname="org.apache.commons.math3.analysis.differentiation.DerivativeStructureTest" time="0.001"/>
  <testcase name="testCompositionOneVariableX" classname="org.apache.commons.math3.analysis.differentiation.DerivativeStructureTest" time="0.001"/>
  <testcase name="testCompositionOneVariableY" classname="org.apache.commons.math3.analysis.differentiation.DerivativeStructureTest" time="0.001"/>
  <testcase name="testSqrtPow2" classname="org.apache.commons.math3.analysis.differentiation.DerivativeStructureTest" time="0.006"/>
  <testcase name="testCoshAcosh" classname="org.apache.commons.math3.analysis.differentiation.DerivativeStructureTest" time="0.026"/>
  <testcase name="testSinhDefinition" classname="org.apache.commons.math3.analysis.differentiation.DerivativeStructureTest" time="0.01"/>
  <testcase name="testConstant" classname="org.apache.commons.math3.analysis.differentiation.DerivativeStructureTest" time="0.001"/>
  <testcase name="testCopySign" classname="org.apache.commons.math3.analysis.differentiation.DerivativeStructureTest" time="0"/>
  <testcase name="testMissingOrders" classname="org.apache.commons.math3.analysis.differentiation.DerivativeStructureTest" time="0"/>
  <testcase name="testTangentDefinition" classname="org.apache.commons.math3.analysis.differentiation.DerivativeStructureTest" time="0.015"/>
  <testcase name="testCompose" classname="org.apache.commons.math3.analysis.differentiation.DerivativeStructureTest" time="0.075"/>
  <testcase name="testCosAcos" classname="org.apache.commons.math3.analysis.differentiation.DerivativeStructureTest" time="0.024"/>
  <testcase name="testTanhAtanh" classname="org.apache.commons.math3.analysis.differentiation.DerivativeStructureTest" time="0.037"/>
  <testcase name="testPowDoubleDS" classname="org.apache.commons.math3.analysis.differentiation.DerivativeStructureTest" time="0.001"/>
  <testcase name="testComposeMismatchedDimensions" classname="org.apache.commons.math3.analysis.differentiation.DerivativeStructureTest" time="0"/>
  <testcase name="testLinearCombination1DoubleDS" classname="org.apache.commons.math3.analysis.differentiation.DerivativeStructureTest" time="0"/>
  <testcase name="testHypotNoOverflow" classname="org.apache.commons.math3.analysis.differentiation.DerivativeStructureTest" time="0"/>
  <testcase name="testTaylorPolynomial" classname="org.apache.commons.math3.analysis.differentiation.DerivativeStructureTest" time="0.032"/>
  <testcase name="testPrimitiveSubtract" classname="org.apache.commons.math3.analysis.differentiation.DerivativeStructureTest" time="0"/>
  <testcase name="testDegRad" classname="org.apache.commons.math3.analysis.differentiation.DerivativeStructureTest" time="0.011"/>
  <testcase name="testMultiply" classname="org.apache.commons.math3.analysis.differentiation.DerivativeStructureTest" time="0"/>
  <testcase name="testTooLargeOrder" classname="org.apache.commons.math3.analysis.differentiation.DerivativeStructureTest" time="0.001"/>
  <testcase name="testPowReciprocalPow" classname="org.apache.commons.math3.analysis.differentiation.DerivativeStructureTest" time="0.129"/>
  <testcase name="testLogExp" classname="org.apache.commons.math3.analysis.differentiation.DerivativeStructureTest" time="0.005"/>
  <testcase name="testRemainder" classname="org.apache.commons.math3.analysis.differentiation.DerivativeStructureTest" time="0.008"/>
  <testcase name="testNegate" classname="org.apache.commons.math3.analysis.differentiation.DerivativeStructureTest" time="0"/>
  <testcase name="testHypotNeglectible" classname="org.apache.commons.math3.analysis.differentiation.DerivativeStructureTest" time="0"/>
  <testcase name="testCbrtPow3" classname="org.apache.commons.math3.analysis.differentiation.DerivativeStructureTest" time="0.014"/>
  <testcase name="testLog10Definition" classname="org.apache.commons.math3.analysis.differentiation.DerivativeStructureTest" time="0.016"/>
  <testcase name="testSinAsin" classname="org.apache.commons.math3.analysis.differentiation.DerivativeStructureTest" time="0.022"/>
  <testcase name="testSignum" classname="org.apache.commons.math3.analysis.differentiation.DerivativeStructureTest" time="0"/>
  <testcase name="testSinCos" classname="org.apache.commons.math3.analysis.differentiation.DerivativeStructureTest" time="0.011"/>
  <testcase name="testRootNSingularity" classname="org.apache.commons.math3.analysis.differentiation.DerivativeStructureTest" time="0.013"/>
  <testcase name="testExpression" classname="org.apache.commons.math3.analysis.differentiation.DerivativeStructureTest" time="0.075"/>
  <testcase name="testVariableWithoutDerivative0" classname="org.apache.commons.math3.analysis.differentiation.DerivativeStructureTest" time="0"/>
  <testcase name="testVariableWithoutDerivative1" classname="org.apache.commons.math3.analysis.differentiation.DerivativeStructureTest" time="0.001"/>
  <testcase name="testToDegreesDefinition" classname="org.apache.commons.math3.analysis.differentiation.DerivativeStructureTest" time="0.005"/>
  <testcase name="testLog10Power" classname="org.apache.commons.math3.analysis.differentiation.DerivativeStructureTest" time="0.008"/>
  <testcase name="testTanhDefinition" classname="org.apache.commons.math3.analysis.differentiation.DerivativeStructureTest" time="0.019"/>
  <testcase name="testOneOrderConstructor" classname="org.apache.commons.math3.analysis.differentiation.DerivativeStructureTest" time="0"/>
  <testcase name="testCbrtDefinition" classname="org.apache.commons.math3.analysis.differentiation.DerivativeStructureTest" time="0.023"/>
  <testcase name="testTaylorAtan2" classname="org.apache.commons.math3.analysis.differentiation.DerivativeStructureTest" time="0.032"/>
  <testcase name="testDivideField" classname="org.apache.commons.math3.analysis.differentiation.DerivativeStructureTest" time="0.001"/>
  <testcase name="testRemainderDouble" classname="org.apache.commons.math3.analysis.differentiation.DerivativeStructureTest" time="0.001"/>
  <testcase name="testGetField" classname="org.apache.commons.math3.analysis.differentiation.DerivativeStructureTest" time="0"/>
  <testcase name="testDivideDouble" classname="org.apache.commons.math3.analysis.differentiation.DerivativeStructureTest" time="0.001"/>
  <testcase name="testCos" classname="org.apache.commons.math3.analysis.differentiation.DerivativeStructureTest" time="0"/>
  <testcase name="testSin" classname="org.apache.commons.math3.analysis.differentiation.DerivativeStructureTest" time="0"/>
  <testcase name="testTan" classname="org.apache.commons.math3.analysis.differentiation.DerivativeStructureTest" time="0"/>
  <testcase name="testAcosh" classname="org.apache.commons.math3.analysis.differentiation.DerivativeStructureTest" time="0"/>
  <testcase name="testAsinh" classname="org.apache.commons.math3.analysis.differentiation.DerivativeStructureTest" time="0"/>
  <testcase name="testAtanh" classname="org.apache.commons.math3.analysis.differentiation.DerivativeStructureTest" time="0"/>
  <testcase name="testExpm1" classname="org.apache.commons.math3.analysis.differentiation.DerivativeStructureTest" time="0.001"/>
  <testcase name="testFloor" classname="org.apache.commons.math3.analysis.differentiation.DerivativeStructureTest" time="0"/>
  <testcase name="testHypot" classname="org.apache.commons.math3.analysis.differentiation.DerivativeStructureTest" time="0.004"/>
  <testcase name="testLog1p" classname="org.apache.commons.math3.analysis.differentiation.DerivativeStructureTest" time="0"/>
  <testcase name="testRootN" classname="org.apache.commons.math3.analysis.differentiation.DerivativeStructureTest" time="0"/>
  <testcase name="testRound" classname="org.apache.commons.math3.analysis.differentiation.DerivativeStructureTest" time="0.001"/>
  <testcase name="testScalb" classname="org.apache.commons.math3.analysis.differentiation.DerivativeStructureTest" time="0.005"/>
  <testcase name="testAcos" classname="org.apache.commons.math3.analysis.differentiation.DerivativeStructureTest" time="0"/>
  <testcase name="testAsin" classname="org.apache.commons.math3.analysis.differentiation.DerivativeStructureTest" time="0"/>
  <testcase name="testAtan" classname="org.apache.commons.math3.analysis.differentiation.DerivativeStructureTest" time="0"/>
  <testcase name="testCbrt" classname="org.apache.commons.math3.analysis.differentiation.DerivativeStructureTest" time="0"/>
  <testcase name="testCeil" classname="org.apache.commons.math3.analysis.differentiation.DerivativeStructureTest" time="0"/>
  <testcase name="testCosh" classname="org.apache.commons.math3.analysis.differentiation.DerivativeStructureTest" time="0"/>
  <testcase name="testHash" classname="org.apache.commons.math3.analysis.differentiation.DerivativeStructureTest" time="0"/>
  <testcase name="testRint" classname="org.apache.commons.math3.analysis.differentiation.DerivativeStructureTest" time="0"/>
  <testcase name="testSinh" classname="org.apache.commons.math3.analysis.differentiation.DerivativeStructureTest" time="0.001"/>
  <testcase name="testSqrt" classname="org.apache.commons.math3.analysis.differentiation.DerivativeStructureTest" time="0"/>
  <testcase name="testTanh" classname="org.apache.commons.math3.analysis.differentiation.DerivativeStructureTest" time="0"/>
  <testcase name="testAddField" classname="org.apache.commons.math3.analysis.differentiation.DerivativeStructureTest" time="0.001"/>
  <testcase name="testMultiplyDouble" classname="org.apache.commons.math3.analysis.differentiation.DerivativeStructureTest" time="0"/>
  <testcase name="testMultiplyInt" classname="org.apache.commons.math3.analysis.differentiation.DerivativeStructureTest" time="0.001"/>
  <testcase name="testLinearCombinationDaFa" classname="org.apache.commons.math3.analysis.differentiation.DerivativeStructureTest" time="0.001"/>
  <testcase name="testLinearCombinationFaFa" classname="org.apache.commons.math3.analysis.differentiation.DerivativeStructureTest" time="0.001"/>
  <testcase name="testAddDouble" classname="org.apache.commons.math3.analysis.differentiation.DerivativeStructureTest" time="0"/>
  <testcase name="testPowDouble" classname="org.apache.commons.math3.analysis.differentiation.DerivativeStructureTest" time="0"/>
  <testcase name="testSubtractDouble" classname="org.apache.commons.math3.analysis.differentiation.DerivativeStructureTest" time="0.001"/>
  <testcase name="testRemainderField" classname="org.apache.commons.math3.analysis.differentiation.DerivativeStructureTest" time="0.001"/>
  <testcase name="testCopySignDouble" classname="org.apache.commons.math3.analysis.differentiation.DerivativeStructureTest" time="0"/>
  <testcase name="testLinearCombinationDF2" classname="org.apache.commons.math3.analysis.differentiation.DerivativeStructureTest" time="0"/>
  <testcase name="testLinearCombinationDF3" classname="org.apache.commons.math3.analysis.differentiation.DerivativeStructureTest" time="0"/>
  <testcase name="testLinearCombinationDF4" classname="org.apache.commons.math3.analysis.differentiation.DerivativeStructureTest" time="0.001"/>
  <testcase name="testLinearCombinationFF2" classname="org.apache.commons.math3.analysis.differentiation.DerivativeStructureTest" time="0"/>
  <testcase name="testLinearCombinationFF3" classname="org.apache.commons.math3.analysis.differentiation.DerivativeStructureTest" time="0.001"/>
  <testcase name="testLinearCombinationFF4" classname="org.apache.commons.math3.analysis.differentiation.DerivativeStructureTest" time="0"/>
  <testcase name="testEquals" classname="org.apache.commons.math3.analysis.differentiation.DerivativeStructureTest" time="0.001"/>
  <testcase name="testCopySignField" classname="org.apache.commons.math3.analysis.differentiation.DerivativeStructureTest" time="0.001"/>
  <testcase name="testPowField" classname="org.apache.commons.math3.analysis.differentiation.DerivativeStructureTest" time="0"/>
  <testcase name="testPowInt" classname="org.apache.commons.math3.analysis.differentiation.DerivativeStructureTest" time="0"/>
  <testcase name="testMultiplyField" classname="org.apache.commons.math3.analysis.differentiation.DerivativeStructureTest" time="0"/>
  <testcase name="testSubtractField" classname="org.apache.commons.math3.analysis.differentiation.DerivativeStructureTest" time="0.001"/>
</testsuite>